[2026-06-22 22:34:20,454]: creating directory research for the trail.ipynb.
[2026-06-22 22:34:20,454]: research/trail.ipynb already exists.
[2026-06-22 22:34:20,455]: creating directory src for the __init__.py.
[2026-06-22 22:34:20,455]: creating src/__init__.py successful.
[2026-06-22 22:34:20,455]: creating directory src/ml_project for the logger.py.
[2026-06-22 22:34:20,455]: src/ml_project/logger.py already exists.
[2026-06-22 22:34:20,455]: creating directory src/ml_project for the __init__.py.
[2026-06-22 22:34:20,455]: creating src/ml_project/__init__.py successful.
[2026-06-22 22:34:20,455]: requirements.txt already exists.
[2026-06-22 22:34:20,455]: setup.py already exists.
[2026-06-22 22:34:20,455]: creating directory research for the Model.py.
[2026-06-22 22:34:20,455]: research/Model.py already exists.
[2026-06-22 22:34:20,455]: creating directory research for the __init__.py.
[2026-06-22 22:34:20,455]: research/__init__.py already exists.
[2026-06-22 22:35:25,953]: saving the model to file - artifacts/trained_model.joblib
[2026-06-22 22:35:25,967]: serialisation successful. saved to artifacts/trained_model.joblib
[2026-06-22 22:53:21,180]: creating directory research for the trail.ipynb.
[2026-06-22 22:53:21,181]: research/trail.ipynb already exists.
[2026-06-22 22:53:21,181]: creating directory src for the __init__.py.
[2026-06-22 22:53:21,181]: creating src/__init__.py successful.
[2026-06-22 22:53:21,181]: creating directory src/ml_project for the logger.py.
[2026-06-22 22:53:21,181]: src/ml_project/logger.py already exists.
[2026-06-22 22:53:21,181]: creating directory src/ml_project for the __init__.py.
[2026-06-22 22:53:21,181]: creating src/ml_project/__init__.py successful.
[2026-06-22 22:53:21,181]: requirements.txt already exists.
[2026-06-22 22:53:21,181]: setup.py already exists.
[2026-06-22 22:53:21,181]: creating directory research for the Model.py.
[2026-06-22 22:53:21,181]: research/Model.py already exists.
[2026-06-22 22:53:21,181]: creating directory research for the __init__.py.
[2026-06-22 22:53:21,181]: research/__init__.py already exists.
[2026-06-22 22:53:21,181]: creating schemas.py successful.
[2026-06-22 23:25:00,355]: creating directory research for the trail.ipynb.
[2026-06-22 23:25:00,355]: research/trail.ipynb already exists.
[2026-06-22 23:25:00,355]: creating directory src for the __init__.py.
[2026-06-22 23:25:00,355]: creating src/__init__.py successful.
[2026-06-22 23:25:00,355]: creating directory src/ml_project for the logger.py.
[2026-06-22 23:25:00,355]: src/ml_project/logger.py already exists.
[2026-06-22 23:25:00,355]: creating directory src/ml_project for the __init__.py.
[2026-06-22 23:25:00,355]: creating src/ml_project/__init__.py successful.
[2026-06-22 23:25:00,356]: requirements.txt already exists.
[2026-06-22 23:25:00,356]: setup.py already exists.
[2026-06-22 23:25:00,356]: creating directory research for the Model.py.
[2026-06-22 23:25:00,356]: research/Model.py already exists.
[2026-06-22 23:25:00,356]: creating directory research for the __init__.py.
[2026-06-22 23:25:00,356]: research/__init__.py already exists.
[2026-06-22 23:25:00,356]: schemas.py already exists.
[2026-06-22 23:25:00,356]: creating directory templates for the index.html.
[2026-06-22 23:25:00,356]: creating templates/index.html successful.
[2026-06-23 00:03:14,589]: creating directory research for the trail.ipynb.
[2026-06-23 00:03:14,589]: research/trail.ipynb already exists.
[2026-06-23 00:03:14,589]: creating directory src for the __init__.py.
[2026-06-23 00:03:14,589]: creating src/__init__.py successful.
[2026-06-23 00:03:14,589]: creating directory src/ml_project for the logger.py.
[2026-06-23 00:03:14,589]: src/ml_project/logger.py already exists.
[2026-06-23 00:03:14,589]: creating directory src/ml_project for the __init__.py.
[2026-06-23 00:03:14,589]: creating src/ml_project/__init__.py successful.
[2026-06-23 00:03:14,589]: requirements.txt already exists.
[2026-06-23 00:03:14,589]: setup.py already exists.
[2026-06-23 00:03:14,589]: creating directory research for the Model.py.
[2026-06-23 00:03:14,589]: research/Model.py already exists.
[2026-06-23 00:03:14,589]: creating directory research for the __init__.py.
[2026-06-23 00:03:14,589]: research/__init__.py already exists.
[2026-06-23 00:03:14,589]: schemas.py already exists.
[2026-06-23 00:03:14,589]: creating directory templates for the index.html.
[2026-06-23 00:03:14,590]: creating templates/index.html successful.
[2026-06-23 00:03:14,590]: creating directory templates for the predict.html.
[2026-06-23 00:03:14,590]: creating templates/predict.html successful.
[2026-06-23 13:25:54,840]: Model.py - saving the model to file - artifacts/trained_model.joblib
[2026-06-23 13:25:54,842]: Model.py - serialisation successful. saved to artifacts/trained_model.joblib
[2026-06-23 13:25:54,879]: config.py - Will watch for changes in these directories: ['/home/Beta/Desktop/coding/simple-mlops-project']
[2026-06-23 13:25:54,879]: config.py - Uvicorn running on http://127.0.0.1:8000 (Press CTRL+C to quit)
[2026-06-23 13:25:54,880]: basereload.py - Started reloader process [9836] using WatchFiles
[2026-06-23 13:25:55,936]: Model.py - saving the model to file - artifacts/trained_model.joblib
[2026-06-23 13:25:55,939]: Model.py - serialisation successful. saved to artifacts/trained_model.joblib
[2026-06-23 13:25:55,951]: server.py - Started server process [9868]
[2026-06-23 13:25:55,953]: on.py - Waiting for application startup.
[2026-06-23 13:25:55,953]: on.py - Application startup complete.
[2026-06-23 13:25:56,036]: main.py - 2 changes detected
[2026-06-23 13:25:56,387]: main.py - 1 change detected
[2026-06-23 13:25:56,739]: main.py - 1 change detected
[2026-06-23 13:25:57,090]: main.py - 1 change detected
[2026-06-23 13:25:57,440]: main.py - 1 change detected
[2026-06-23 13:25:57,791]: main.py - 1 change detected
[2026-06-23 13:25:58,141]: main.py - 1 change detected
[2026-06-23 13:25:58,492]: main.py - 1 change detected
[2026-06-23 13:25:58,843]: main.py - 1 change detected
[2026-06-23 13:25:59,194]: main.py - 1 change detected
[2026-06-23 13:25:59,544]: main.py - 1 change detected
[2026-06-23 13:25:59,896]: main.py - 1 change detected
[2026-06-23 13:26:00,247]: main.py - 1 change detected
[2026-06-23 13:26:00,599]: main.py - 1 change detected
[2026-06-23 13:26:00,950]: main.py - 1 change detected
[2026-06-23 13:26:01,301]: main.py - 1 change detected
[2026-06-23 13:26:01,654]: main.py - 1 change detected
[2026-06-23 13:26:02,005]: main.py - 1 change detected
[2026-06-23 13:26:02,357]: main.py - 1 change detected
[2026-06-23 13:26:02,709]: main.py - 1 change detected
[2026-06-23 13:26:03,059]: main.py - 1 change detected
[2026-06-23 13:26:03,410]: main.py - 1 change detected
[2026-06-23 13:26:03,761]: main.py - 1 change detected
[2026-06-23 13:26:04,111]: main.py - 1 change detected
[2026-06-23 13:26:04,463]: main.py - 1 change detected
[2026-06-23 13:26:04,815]: main.py - 1 change detected
[2026-06-23 13:26:05,167]: main.py - 1 change detected
[2026-06-23 13:26:05,519]: main.py - 1 change detected
[2026-06-23 13:26:05,871]: main.py - 1 change detected
[2026-06-23 13:26:06,222]: main.py - 1 change detected
[2026-06-23 13:26:06,573]: main.py - 1 change detected
[2026-06-23 13:26:06,923]: main.py - 1 change detected
[2026-06-23 13:26:07,275]: main.py - 1 change detected
[2026-06-23 13:26:07,625]: main.py - 1 change detected
[2026-06-23 13:26:07,978]: main.py - 1 change detected
[2026-06-23 13:26:08,330]: main.py - 1 change detected
[2026-06-23 13:26:08,683]: main.py - 1 change detected
[2026-06-23 13:26:09,033]: main.py - 1 change detected
[2026-06-23 13:26:09,384]: main.py - 1 change detected
[2026-06-23 13:26:09,735]: main.py - 1 change detected
[2026-06-23 13:26:10,086]: main.py - 1 change detected
[2026-06-23 13:26:10,437]: main.py - 1 change detected
[2026-06-23 13:26:10,787]: main.py - 1 change detected
[2026-06-23 13:26:11,139]: main.py - 1 change detected
[2026-06-23 13:26:11,489]: main.py - 1 change detected
[2026-06-23 13:26:11,842]: main.py - 1 change detected
[2026-06-23 13:26:12,192]: main.py - 1 change detected
[2026-06-23 13:26:12,543]: main.py - 1 change detected
[2026-06-23 13:26:12,894]: main.py - 1 change detected
[2026-06-23 13:26:13,244]: main.py - 1 change detected
[2026-06-23 13:26:13,595]: main.py - 1 change detected
[2026-06-23 13:26:13,947]: main.py - 1 change detected
[2026-06-23 13:26:14,298]: main.py - 1 change detected
[2026-06-23 13:26:14,650]: main.py - 1 change detected
[2026-06-23 13:26:15,001]: main.py - 1 change detected
[2026-06-23 13:26:15,351]: main.py - 1 change detected
[2026-06-23 13:26:15,702]: main.py - 1 change detected
[2026-06-23 13:26:16,054]: main.py - 1 change detected
[2026-06-23 13:26:16,404]: main.py - 1 change detected
[2026-06-23 13:26:16,755]: main.py - 1 change detected
[2026-06-23 13:26:17,107]: main.py - 1 change detected
[2026-06-23 13:26:17,457]: main.py - 1 change detected
[2026-06-23 13:26:17,809]: main.py - 1 change detected
[2026-06-23 13:26:18,160]: main.py - 1 change detected
[2026-06-23 13:26:18,511]: main.py - 1 change detected
[2026-06-23 13:26:18,862]: main.py - 1 change detected
[2026-06-23 13:26:19,213]: main.py - 1 change detected
[2026-06-23 13:26:19,564]: main.py - 1 change detected
[2026-06-23 13:26:19,914]: main.py - 1 change detected
[2026-06-23 13:26:20,266]: main.py - 1 change detected
[2026-06-23 13:26:20,617]: main.py - 1 change detected
[2026-06-23 13:26:20,968]: main.py - 1 change detected
[2026-06-23 13:26:21,319]: main.py - 1 change detected
[2026-06-23 13:26:21,669]: main.py - 1 change detected
[2026-06-23 13:26:22,020]: main.py - 1 change detected
[2026-06-23 13:26:22,371]: main.py - 1 change detected
[2026-06-23 13:26:22,722]: main.py - 1 change detected
[2026-06-23 13:26:23,073]: main.py - 1 change detected
[2026-06-23 13:26:23,424]: main.py - 1 change detected
[2026-06-23 13:26:23,775]: main.py - 1 change detected
[2026-06-23 13:26:24,128]: main.py - 1 change detected
[2026-06-23 13:26:24,479]: main.py - 1 change detected
[2026-06-23 13:26:24,830]: main.py - 1 change detected
[2026-06-23 13:26:25,182]: main.py - 1 change detected
[2026-06-23 13:26:25,534]: main.py - 1 change detected
[2026-06-23 13:26:25,885]: main.py - 1 change detected
[2026-06-23 13:26:26,236]: main.py - 1 change detected
[2026-06-23 13:26:26,586]: main.py - 1 change detected
[2026-06-23 13:26:26,937]: main.py - 1 change detected
[2026-06-23 13:26:27,289]: main.py - 1 change detected
[2026-06-23 13:26:27,640]: main.py - 1 change detected
[2026-06-23 13:26:27,992]: main.py - 1 change detected
[2026-06-23 13:26:28,342]: main.py - 1 change detected
[2026-06-23 13:26:28,693]: main.py - 1 change detected
[2026-06-23 13:26:29,044]: main.py - 1 change detected
[2026-06-23 13:26:29,394]: main.py - 1 change detected
[2026-06-23 13:26:29,746]: main.py - 1 change detected
[2026-06-23 13:26:30,097]: main.py - 1 change detected
[2026-06-23 13:26:30,449]: main.py - 1 change detected
[2026-06-23 13:26:30,800]: main.py - 1 change detected
[2026-06-23 13:26:31,151]: main.py - 1 change detected
[2026-06-23 13:26:31,502]: main.py - 1 change detected
[2026-06-23 13:26:31,853]: main.py - 2 changes detected
[2026-06-23 13:26:31,854]: basereload.py - WatchFiles detected changes in 'main.py'. Reloading...
[2026-06-23 13:26:31,914]: server.py - Shutting down
[2026-06-23 13:26:32,014]: on.py - Waiting for application shutdown.
[2026-06-23 13:26:32,015]: on.py - Application shutdown complete.
[2026-06-23 13:26:32,016]: server.py - Finished server process [9868]
[2026-06-23 13:26:32,427]: main.py - 4 changes detected
[2026-06-23 13:26:32,778]: main.py - 1 change detected
[2026-06-23 13:26:33,080]: Model.py - saving the model to file - artifacts/trained_model.joblib
[2026-06-23 13:26:33,082]: Model.py - serialisation successful. saved to artifacts/trained_model.joblib
[2026-06-23 13:26:33,095]: server.py - Started server process [10340]
[2026-06-23 13:26:33,098]: on.py - Waiting for application startup.
[2026-06-23 13:26:33,098]: on.py - Application startup complete.
[2026-06-23 13:26:33,179]: main.py - 2 changes detected
[2026-06-23 13:26:33,530]: main.py - 1 change detected
[2026-06-23 13:26:33,881]: main.py - 1 change detected
[2026-06-23 13:26:34,232]: main.py - 1 change detected
[2026-06-23 13:26:34,584]: main.py - 1 change detected
[2026-06-23 13:26:34,936]: main.py - 1 change detected
[2026-06-23 13:26:35,288]: main.py - 1 change detected
[2026-06-23 13:26:35,639]: main.py - 1 change detected
[2026-06-23 13:26:35,990]: main.py - 1 change detected
[2026-06-23 13:26:36,340]: main.py - 1 change detected
[2026-06-23 13:26:36,692]: main.py - 1 change detected
[2026-06-23 13:26:37,044]: main.py - 1 change detected
[2026-06-23 13:26:37,395]: main.py - 1 change detected
[2026-06-23 13:26:37,745]: main.py - 1 change detected
[2026-06-23 13:26:38,096]: main.py - 1 change detected
[2026-06-23 13:26:38,446]: main.py - 1 change detected
[2026-06-23 13:26:38,797]: main.py - 1 change detected
[2026-06-23 13:26:39,148]: main.py - 1 change detected
[2026-06-23 13:26:39,499]: main.py - 1 change detected
[2026-06-23 13:26:39,849]: main.py - 1 change detected
[2026-06-23 13:26:40,201]: main.py - 1 change detected
[2026-06-23 13:26:40,553]: main.py - 1 change detected
[2026-06-23 13:26:40,906]: main.py - 1 change detected
[2026-06-23 13:26:41,258]: main.py - 1 change detected
[2026-06-23 13:26:41,609]: main.py - 1 change detected
[2026-06-23 13:26:41,961]: main.py - 1 change detected
[2026-06-23 13:26:42,312]: main.py - 1 change detected
[2026-06-23 13:26:42,663]: main.py - 1 change detected
[2026-06-23 13:26:43,014]: main.py - 1 change detected
[2026-06-23 13:26:43,365]: main.py - 1 change detected
[2026-06-23 13:26:43,716]: main.py - 1 change detected
[2026-06-23 13:26:44,066]: main.py - 1 change detected
[2026-06-23 13:26:44,417]: main.py - 1 change detected
[2026-06-23 13:26:44,767]: main.py - 1 change detected
[2026-06-23 13:26:45,118]: main.py - 1 change detected
[2026-06-23 13:26:45,468]: main.py - 1 change detected
[2026-06-23 13:26:45,819]: main.py - 1 change detected
[2026-06-23 13:26:46,170]: main.py - 1 change detected
[2026-06-23 13:26:46,520]: main.py - 1 change detected
[2026-06-23 13:26:46,871]: main.py - 1 change detected
[2026-06-23 13:26:47,222]: main.py - 1 change detected
[2026-06-23 13:26:47,573]: main.py - 1 change detected
[2026-06-23 13:26:47,924]: main.py - 1 change detected
[2026-06-23 13:26:48,276]: main.py - 1 change detected
[2026-06-23 13:26:48,628]: main.py - 1 change detected
[2026-06-23 13:26:48,978]: main.py - 1 change detected
[2026-06-23 13:26:49,330]: main.py - 1 change detected
[2026-06-23 13:26:49,682]: main.py - 1 change detected
[2026-06-23 13:26:50,034]: main.py - 1 change detected
[2026-06-23 13:26:50,384]: main.py - 1 change detected
[2026-06-23 13:26:50,735]: main.py - 1 change detected
[2026-06-23 13:26:51,087]: main.py - 1 change detected
[2026-06-23 13:26:51,438]: main.py - 1 change detected
[2026-06-23 13:26:51,789]: main.py - 1 change detected
[2026-06-23 13:26:52,141]: main.py - 1 change detected
[2026-06-23 13:26:52,492]: main.py - 1 change detected
[2026-06-23 13:26:52,844]: main.py - 1 change detected
[2026-06-23 13:26:53,195]: main.py - 1 change detected
[2026-06-23 13:26:53,546]: main.py - 1 change detected
[2026-06-23 13:26:53,898]: main.py - 1 change detected
[2026-06-23 13:26:54,249]: main.py - 1 change detected
[2026-06-23 13:26:54,601]: main.py - 1 change detected
[2026-06-23 13:26:54,952]: main.py - 1 change detected
[2026-06-23 13:26:55,303]: main.py - 1 change detected
[2026-06-23 13:26:55,653]: main.py - 1 change detected
[2026-06-23 13:26:56,004]: main.py - 1 change detected
[2026-06-23 13:26:56,355]: main.py - 1 change detected
[2026-06-23 13:26:56,705]: main.py - 1 change detected
[2026-06-23 13:26:57,057]: main.py - 1 change detected
[2026-06-23 13:26:57,407]: main.py - 1 change detected
[2026-06-23 13:26:57,758]: main.py - 1 change detected
[2026-06-23 13:26:58,109]: main.py - 1 change detected
[2026-06-23 13:26:58,461]: main.py - 1 change detected
[2026-06-23 13:26:58,812]: main.py - 1 change detected
[2026-06-23 13:26:59,163]: main.py - 1 change detected
[2026-06-23 13:26:59,514]: main.py - 1 change detected
[2026-06-23 13:26:59,865]: main.py - 1 change detected
[2026-06-23 13:27:00,216]: main.py - 1 change detected
[2026-06-23 13:27:00,566]: main.py - 1 change detected
[2026-06-23 13:27:00,917]: main.py - 1 change detected
[2026-06-23 13:27:01,268]: main.py - 1 change detected
[2026-06-23 13:27:01,619]: main.py - 1 change detected
[2026-06-23 13:27:01,970]: main.py - 1 change detected
[2026-06-23 13:27:02,322]: main.py - 1 change detected
[2026-06-23 13:27:02,673]: main.py - 1 change detected
[2026-06-23 13:27:03,024]: main.py - 1 change detected
[2026-06-23 13:27:03,376]: main.py - 1 change detected
[2026-06-23 13:27:03,726]: main.py - 1 change detected
[2026-06-23 13:27:04,079]: main.py - 1 change detected
[2026-06-23 13:27:04,430]: main.py - 1 change detected
[2026-06-23 13:27:04,780]: main.py - 1 change detected
[2026-06-23 13:27:05,131]: main.py - 1 change detected
[2026-06-23 13:27:05,481]: main.py - 1 change detected
[2026-06-23 13:27:05,832]: main.py - 1 change detected
[2026-06-23 13:27:06,182]: main.py - 1 change detected
[2026-06-23 13:27:06,533]: main.py - 1 change detected
[2026-06-23 13:27:06,884]: main.py - 1 change detected
[2026-06-23 13:27:07,234]: main.py - 1 change detected
[2026-06-23 13:27:07,585]: main.py - 1 change detected
[2026-06-23 13:27:07,935]: main.py - 1 change detected
[2026-06-23 13:27:08,286]: main.py - 1 change detected
[2026-06-23 13:27:08,636]: main.py - 1 change detected
[2026-06-23 13:27:08,986]: main.py - 1 change detected
[2026-06-23 13:27:09,337]: main.py - 1 change detected
[2026-06-23 13:27:09,688]: main.py - 1 change detected
[2026-06-23 13:27:10,038]: main.py - 1 change detected
[2026-06-23 13:27:10,389]: main.py - 1 change detected
[2026-06-23 13:27:10,740]: main.py - 1 change detected
[2026-06-23 13:27:11,090]: main.py - 1 change detected
[2026-06-23 13:27:11,441]: main.py - 1 change detected
[2026-06-23 13:27:11,792]: main.py - 1 change detected
[2026-06-23 13:27:12,143]: main.py - 1 change detected
[2026-06-23 13:27:12,493]: main.py - 1 change detected
[2026-06-23 13:27:12,845]: main.py - 1 change detected
[2026-06-23 13:27:13,196]: main.py - 1 change detected
[2026-06-23 13:27:13,547]: main.py - 1 change detected
[2026-06-23 13:27:13,899]: main.py - 1 change detected
[2026-06-23 13:27:14,249]: main.py - 1 change detected
[2026-06-23 13:27:14,600]: main.py - 1 change detected
[2026-06-23 13:27:14,950]: main.py - 1 change detected
[2026-06-23 13:27:15,301]: main.py - 1 change detected
[2026-06-23 13:27:15,651]: main.py - 1 change detected
[2026-06-23 13:27:16,002]: main.py - 1 change detected
[2026-06-23 13:27:16,352]: main.py - 1 change detected
[2026-06-23 13:27:16,703]: main.py - 1 change detected
[2026-06-23 13:27:17,054]: main.py - 1 change detected
[2026-06-23 13:27:17,405]: main.py - 1 change detected
[2026-06-23 13:27:17,755]: main.py - 1 change detected
[2026-06-23 13:27:18,106]: main.py - 1 change detected
[2026-06-23 13:27:18,456]: main.py - 1 change detected
[2026-06-23 13:27:18,807]: main.py - 1 change detected
[2026-06-23 13:27:19,158]: main.py - 1 change detected
[2026-06-23 13:27:19,509]: main.py - 1 change detected
[2026-06-23 13:27:19,859]: main.py - 1 change detected
[2026-06-23 13:27:20,210]: main.py - 1 change detected
[2026-06-23 13:27:20,560]: main.py - 1 change detected
[2026-06-23 13:27:20,910]: main.py - 1 change detected
[2026-06-23 13:27:21,261]: main.py - 1 change detected
[2026-06-23 13:27:21,611]: main.py - 1 change detected
[2026-06-23 13:27:21,962]: main.py - 1 change detected
[2026-06-23 13:27:22,312]: main.py - 1 change detected
[2026-06-23 13:27:22,663]: main.py - 1 change detected
[2026-06-23 13:27:23,014]: main.py - 1 change detected
[2026-06-23 13:27:23,364]: main.py - 1 change detected
[2026-06-23 13:27:23,715]: main.py - 1 change detected
[2026-06-23 13:27:24,065]: main.py - 1 change detected
[2026-06-23 13:27:24,416]: main.py - 1 change detected
[2026-06-23 13:27:24,766]: main.py - 1 change detected
[2026-06-23 13:27:25,117]: main.py - 1 change detected
[2026-06-23 13:27:25,467]: main.py - 1 change detected
[2026-06-23 13:27:25,818]: main.py - 1 change detected
[2026-06-23 13:27:26,168]: main.py - 1 change detected
[2026-06-23 13:27:26,520]: main.py - 1 change detected
[2026-06-23 13:27:26,870]: main.py - 1 change detected
[2026-06-23 13:27:27,222]: main.py - 1 change detected
[2026-06-23 13:27:27,572]: main.py - 1 change detected
[2026-06-23 13:27:27,924]: main.py - 1 change detected
[2026-06-23 13:27:28,275]: main.py - 1 change detected
[2026-06-23 13:27:28,625]: main.py - 1 change detected
[2026-06-23 13:27:28,976]: main.py - 1 change detected
[2026-06-23 13:27:29,327]: main.py - 1 change detected
[2026-06-23 13:27:29,678]: main.py - 1 change detected
[2026-06-23 13:27:30,029]: main.py - 1 change detected
[2026-06-23 13:27:30,379]: main.py - 1 change detected
[2026-06-23 13:27:30,730]: main.py - 1 change detected
[2026-06-23 13:27:31,081]: main.py - 1 change detected
[2026-06-23 13:27:31,432]: main.py - 1 change detected
[2026-06-23 13:27:31,783]: main.py - 1 change detected
[2026-06-23 13:27:32,133]: main.py - 1 change detected
[2026-06-23 13:27:32,484]: main.py - 1 change detected
[2026-06-23 13:27:32,835]: main.py - 1 change detected
[2026-06-23 13:27:33,186]: main.py - 1 change detected
[2026-06-23 13:27:33,536]: main.py - 1 change detected
[2026-06-23 13:27:33,887]: main.py - 1 change detected
[2026-06-23 13:27:34,237]: main.py - 1 change detected
[2026-06-23 13:27:34,588]: main.py - 1 change detected
[2026-06-23 13:27:34,939]: main.py - 1 change detected
[2026-06-23 13:27:35,290]: main.py - 1 change detected
[2026-06-23 13:27:35,641]: main.py - 1 change detected
[2026-06-23 13:27:35,992]: main.py - 1 change detected
[2026-06-23 13:27:36,343]: main.py - 1 change detected
[2026-06-23 13:27:36,695]: main.py - 1 change detected
[2026-06-23 13:27:37,045]: main.py - 1 change detected
[2026-06-23 13:27:37,396]: main.py - 1 change detected
[2026-06-23 13:27:37,746]: main.py - 1 change detected
[2026-06-23 13:27:38,097]: main.py - 1 change detected
[2026-06-23 13:27:38,447]: main.py - 1 change detected
[2026-06-23 13:27:38,798]: main.py - 1 change detected
[2026-06-23 13:27:39,149]: main.py - 1 change detected
[2026-06-23 13:27:39,500]: main.py - 1 change detected
[2026-06-23 13:27:39,851]: main.py - 1 change detected
[2026-06-23 13:27:40,201]: main.py - 1 change detected
[2026-06-23 13:27:40,552]: main.py - 1 change detected
[2026-06-23 13:27:40,902]: main.py - 1 change detected
[2026-06-23 13:27:41,253]: main.py - 1 change detected
[2026-06-23 13:27:41,603]: main.py - 1 change detected
[2026-06-23 13:27:41,954]: main.py - 1 change detected
[2026-06-23 13:27:42,305]: main.py - 1 change detected
[2026-06-23 13:27:42,655]: main.py - 1 change detected
[2026-06-23 13:27:43,006]: main.py - 1 change detected
[2026-06-23 13:27:43,356]: main.py - 1 change detected
[2026-06-23 13:27:43,706]: main.py - 1 change detected
[2026-06-23 13:27:44,057]: main.py - 1 change detected
[2026-06-23 13:27:44,407]: main.py - 1 change detected
[2026-06-23 13:27:44,758]: main.py - 1 change detected
[2026-06-23 13:27:45,108]: main.py - 1 change detected
[2026-06-23 13:27:45,459]: main.py - 1 change detected
[2026-06-23 13:27:45,809]: main.py - 1 change detected
[2026-06-23 13:27:46,160]: main.py - 1 change detected
[2026-06-23 13:27:46,511]: main.py - 1 change detected
[2026-06-23 13:27:46,861]: main.py - 1 change detected
[2026-06-23 13:27:47,212]: main.py - 1 change detected
[2026-06-23 13:27:47,563]: main.py - 1 change detected
[2026-06-23 13:27:47,914]: main.py - 1 change detected
[2026-06-23 13:27:48,264]: main.py - 1 change detected
[2026-06-23 13:27:48,615]: main.py - 1 change detected
[2026-06-23 13:27:48,967]: main.py - 1 change detected
[2026-06-23 13:27:49,318]: main.py - 1 change detected
[2026-06-23 13:27:49,668]: main.py - 1 change detected
[2026-06-23 13:27:50,020]: main.py - 1 change detected
[2026-06-23 13:27:50,371]: main.py - 1 change detected
[2026-06-23 13:27:50,723]: main.py - 2 changes detected
[2026-06-23 13:27:50,723]: basereload.py - WatchFiles detected changes in 'src/ml_project/logger.py'. Reloading...
[2026-06-23 13:27:50,769]: server.py - Shutting down
[2026-06-23 13:27:50,871]: on.py - Waiting for application shutdown.
[2026-06-23 13:27:50,871]: on.py - Application shutdown complete.
[2026-06-23 13:27:50,872]: server.py - Finished server process [10340]
[2026-06-23 13:27:51,234]: main.py - 1 change detected
[2026-06-23 13:27:51,585]: main.py - 1 change detected
[2026-06-23 13:27:51,891]: Model.py:  - saving the model to file - artifacts/trained_model.joblib
[2026-06-23 13:27:51,893]: Model.py:  - serialisation successful. saved to artifacts/trained_model.joblib
[2026-06-23 13:27:51,909]: server.py:  - Started server process [11401]
[2026-06-23 13:27:51,912]: on.py:  - Waiting for application startup.
[2026-06-23 13:27:51,913]: on.py:  - Application startup complete.
[2026-06-23 13:27:51,985]: main.py - 5 changes detected
[2026-06-23 13:27:52,336]: main.py - 1 change detected
[2026-06-23 13:27:52,688]: main.py - 1 change detected
[2026-06-23 13:27:53,040]: main.py - 2 changes detected
[2026-06-23 13:27:53,040]: basereload.py - WatchFiles detected changes in 'src/ml_project/logger.py'. Reloading...
[2026-06-23 13:27:53,121]: server.py:  - Shutting down
[2026-06-23 13:27:53,222]: on.py:  - Waiting for application shutdown.
[2026-06-23 13:27:53,222]: on.py:  - Application shutdown complete.
[2026-06-23 13:27:53,222]: server.py:  - Finished server process [11401]
[2026-06-23 13:27:53,586]: main.py - 1 change detected
[2026-06-23 13:27:53,936]: main.py - 1 change detected
[2026-06-23 13:27:54,287]: main.py - 5 changes detected
[2026-06-23 13:27:54,637]: main.py - 2 changes detected
[2026-06-23 13:27:54,638]: basereload.py - WatchFiles detected changes in 'src/ml_project/logger.py'. Reloading...
[2026-06-23 13:27:55,129]: main.py - 1 change detected
[2026-06-23 13:27:55,479]: main.py - 1 change detected
[2026-06-23 13:27:55,880]: main.py - 5 changes detected
[2026-06-23 13:27:56,281]: main.py - 2 changes detected
[2026-06-23 13:27:56,281]: basereload.py - WatchFiles detected changes in 'src/ml_project/logger.py'. Reloading...
[2026-06-23 13:27:56,814]: main.py - 1 change detected
[2026-06-23 13:27:57,164]: main.py - 1 change detected
[2026-06-23 13:27:57,565]: main.py - 5 changes detected
[2026-06-23 13:27:57,916]: main.py - 2 changes detected
[2026-06-23 13:27:57,917]: basereload.py - WatchFiles detected changes in 'src/ml_project/logger.py'. Reloading...
[2026-06-23 13:27:58,466]: main.py - 1 change detected
[2026-06-23 13:27:58,816]: main.py - 1 change detected
[2026-06-23 13:27:59,167]: main.py - 5 changes detected
[2026-06-23 13:27:59,517]: main.py - 1 change detected
[2026-06-23 13:27:59,868]: main.py - 1 change detected
[2026-06-23 13:28:00,270]: main.py - 2 changes detected
[2026-06-23 13:28:00,271]: basereload.py - WatchFiles detected changes in 'src/ml_project/logger.py'. Reloading...
[2026-06-23 13:28:00,785]: main.py - 1 change detected
[2026-06-23 13:28:01,135]: main.py - 1 change detected
[2026-06-23 13:28:01,450]: Model.py: 27 - saving the model to file - artifacts/trained_model.joblib
[2026-06-23 13:28:01,454]: Model.py: 31 - serialisation successful. saved to artifacts/trained_model.joblib
[2026-06-23 13:28:01,466]: server.py: 92 - Started server process [11715]
[2026-06-23 13:28:01,468]: on.py: 48 - Waiting for application startup.
[2026-06-23 13:28:01,469]: on.py: 62 - Application startup complete.
[2026-06-23 13:28:01,538]: main.py - 5 changes detected
[2026-06-23 13:28:01,889]: main.py - 1 change detected
[2026-06-23 13:28:02,240]: main.py - 1 change detected
[2026-06-23 13:28:02,591]: main.py - 1 change detected
[2026-06-23 13:28:02,943]: main.py - 1 change detected
[2026-06-23 13:28:03,294]: main.py - 1 change detected
[2026-06-23 13:28:03,644]: main.py - 1 change detected
[2026-06-23 13:28:03,995]: main.py - 1 change detected
[2026-06-23 13:28:04,345]: main.py - 1 change detected
[2026-06-23 13:28:04,696]: main.py - 1 change detected
[2026-06-23 13:28:05,048]: main.py - 1 change detected
[2026-06-23 13:28:05,400]: main.py - 1 change detected
[2026-06-23 13:28:05,751]: main.py - 1 change detected
[2026-06-23 13:28:06,102]: main.py - 1 change detected
[2026-06-23 13:28:06,454]: main.py - 1 change detected
[2026-06-23 13:28:06,806]: main.py - 1 change detected
[2026-06-23 13:28:07,158]: main.py - 1 change detected
[2026-06-23 13:28:07,397]: server.py: 272 - Shutting down
[2026-06-23 13:28:07,498]: server.py: 102 - Finished server process [11715]
[2026-06-23 13:28:07,510]: basereload.py - Stopping reloader process [9836]
[2026-06-23 13:28:48,684]: [Model.py: 27] - saving the model to file - artifacts/trained_model.joblib
[2026-06-23 13:28:48,686]: [Model.py: 31] - serialisation successful. saved to artifacts/trained_model.joblib
[2026-06-23 13:28:48,723]: [config.py: 328] - Will watch for changes in these directories: ['/home/Beta/Desktop/coding/simple-mlops-project']
[2026-06-23 13:28:48,724]: [config.py: 582] - Uvicorn running on http://127.0.0.1:8000 (Press CTRL+C to quit)
[2026-06-23 13:28:48,724]: [basereload.py: 79] - Started reloader process [12179] using WatchFiles
[2026-06-23 13:28:49,749]: [Model.py: 27] - saving the model to file - artifacts/trained_model.joblib
[2026-06-23 13:28:49,751]: [Model.py: 31] - serialisation successful. saved to artifacts/trained_model.joblib
[2026-06-23 13:28:49,767]: [server.py: 92] - Started server process [12221]
[2026-06-23 13:28:49,769]: [on.py: 48] - Waiting for application startup.
[2026-06-23 13:28:49,770]: [on.py: 62] - Application startup complete.
[2026-06-23 13:28:49,841]: [main.py: 309] - 2 changes detected
[2026-06-23 13:28:50,192]: [main.py: 309] - 1 change detected
[2026-06-23 13:28:50,542]: [main.py: 309] - 1 change detected
[2026-06-23 13:28:50,893]: [main.py: 309] - 1 change detected
[2026-06-23 13:28:51,243]: [main.py: 309] - 1 change detected
[2026-06-23 13:28:51,595]: [main.py: 309] - 1 change detected
[2026-06-23 13:28:51,945]: [main.py: 309] - 1 change detected
[2026-06-23 13:28:52,297]: [main.py: 309] - 1 change detected
[2026-06-23 13:28:52,649]: [main.py: 309] - 1 change detected
[2026-06-23 13:28:53,000]: [main.py: 309] - 1 change detected
[2026-06-23 13:28:53,350]: [main.py: 309] - 1 change detected
[2026-06-23 13:28:53,701]: [main.py: 309] - 1 change detected
[2026-06-23 13:28:54,051]: [main.py: 309] - 1 change detected
[2026-06-23 13:28:54,402]: [main.py: 309] - 1 change detected
[2026-06-23 13:28:54,754]: [main.py: 309] - 1 change detected
[2026-06-23 13:28:55,104]: [main.py: 309] - 1 change detected
[2026-06-23 13:28:55,455]: [main.py: 309] - 1 change detected
[2026-06-23 13:28:55,806]: [main.py: 309] - 1 change detected
[2026-06-23 13:28:56,157]: [main.py: 309] - 1 change detected
[2026-06-23 13:28:56,508]: [main.py: 309] - 1 change detected
[2026-06-23 13:28:56,859]: [main.py: 309] - 1 change detected
[2026-06-23 13:28:57,210]: [main.py: 309] - 1 change detected
[2026-06-23 13:28:57,560]: [main.py: 309] - 1 change detected
[2026-06-23 13:28:57,912]: [main.py: 309] - 1 change detected
[2026-06-23 13:28:58,263]: [main.py: 309] - 1 change detected
[2026-06-23 13:28:58,613]: [main.py: 309] - 1 change detected
[2026-06-23 13:28:58,965]: [main.py: 309] - 1 change detected
[2026-06-23 13:28:59,316]: [main.py: 309] - 1 change detected
[2026-06-23 13:28:59,667]: [main.py: 309] - 1 change detected
[2026-06-23 13:29:00,019]: [main.py: 309] - 1 change detected
[2026-06-23 13:29:00,371]: [main.py: 309] - 1 change detected
[2026-06-23 13:29:00,722]: [main.py: 309] - 1 change detected
[2026-06-23 13:29:01,073]: [main.py: 309] - 1 change detected
[2026-06-23 13:29:01,425]: [main.py: 309] - 1 change detected
[2026-06-23 13:29:01,776]: [main.py: 309] - 1 change detected
[2026-06-23 13:29:02,128]: [main.py: 309] - 1 change detected
[2026-06-23 13:29:02,479]: [main.py: 309] - 1 change detected
[2026-06-23 13:29:02,831]: [main.py: 309] - 1 change detected
[2026-06-23 13:29:03,182]: [main.py: 309] - 1 change detected
[2026-06-23 13:29:03,534]: [main.py: 309] - 1 change detected
[2026-06-23 13:29:03,886]: [main.py: 309] - 1 change detected
[2026-06-23 13:29:04,237]: [main.py: 309] - 1 change detected
[2026-06-23 13:29:04,588]: [main.py: 309] - 1 change detected
[2026-06-23 13:29:04,939]: [main.py: 309] - 1 change detected
[2026-06-23 13:29:05,291]: [main.py: 309] - 1 change detected
[2026-06-23 13:29:05,643]: [main.py: 309] - 1 change detected
[2026-06-23 13:29:05,995]: [main.py: 309] - 1 change detected
[2026-06-23 13:29:06,347]: [main.py: 309] - 1 change detected
[2026-06-23 13:29:06,699]: [main.py: 309] - 1 change detected
[2026-06-23 13:29:07,049]: [main.py: 309] - 1 change detected
[2026-06-23 13:29:07,400]: [main.py: 309] - 1 change detected
[2026-06-23 13:29:07,750]: [main.py: 309] - 1 change detected
[2026-06-23 13:29:08,101]: [main.py: 309] - 1 change detected
[2026-06-23 13:29:08,452]: [main.py: 309] - 1 change detected
[2026-06-23 13:29:08,803]: [main.py: 309] - 1 change detected
[2026-06-23 13:29:09,154]: [main.py: 309] - 1 change detected
[2026-06-23 13:29:09,505]: [main.py: 309] - 1 change detected
[2026-06-23 13:29:09,857]: [main.py: 309] - 1 change detected
[2026-06-23 13:29:10,209]: [main.py: 309] - 1 change detected
[2026-06-23 13:29:10,560]: [main.py: 309] - 1 change detected
[2026-06-23 13:29:10,911]: [main.py: 309] - 1 change detected
[2026-06-23 13:29:11,262]: [main.py: 309] - 1 change detected
[2026-06-23 13:29:11,613]: [main.py: 309] - 1 change detected
[2026-06-23 13:29:11,965]: [main.py: 309] - 1 change detected
[2026-06-23 13:29:12,316]: [main.py: 309] - 1 change detected
[2026-06-23 13:29:12,668]: [main.py: 309] - 1 change detected
[2026-06-23 13:29:13,019]: [main.py: 309] - 1 change detected
[2026-06-23 13:29:13,371]: [main.py: 309] - 1 change detected
[2026-06-23 13:29:13,722]: [main.py: 309] - 1 change detected
[2026-06-23 13:29:14,074]: [main.py: 309] - 1 change detected
[2026-06-23 13:29:14,425]: [main.py: 309] - 1 change detected
[2026-06-23 13:29:14,775]: [main.py: 309] - 1 change detected
[2026-06-23 13:29:15,127]: [main.py: 309] - 1 change detected
[2026-06-23 13:29:15,478]: [main.py: 309] - 1 change detected
[2026-06-23 13:29:15,828]: [main.py: 309] - 1 change detected
[2026-06-23 13:29:16,179]: [main.py: 309] - 1 change detected
[2026-06-23 13:29:16,530]: [main.py: 309] - 1 change detected
[2026-06-23 13:29:16,881]: [main.py: 309] - 1 change detected
[2026-06-23 13:29:17,231]: [main.py: 309] - 1 change detected
[2026-06-23 13:29:17,582]: [main.py: 309] - 1 change detected
[2026-06-23 13:29:17,932]: [main.py: 309] - 1 change detected
[2026-06-23 13:29:18,283]: [main.py: 309] - 1 change detected
[2026-06-23 13:29:18,634]: [main.py: 309] - 1 change detected
[2026-06-23 13:29:18,984]: [main.py: 309] - 1 change detected
[2026-06-23 13:29:19,335]: [main.py: 309] - 1 change detected
[2026-06-23 13:29:19,685]: [main.py: 309] - 1 change detected
[2026-06-23 13:29:20,037]: [main.py: 309] - 1 change detected
[2026-06-23 13:29:20,388]: [main.py: 309] - 1 change detected
[2026-06-23 13:29:20,740]: [main.py: 309] - 1 change detected
[2026-06-23 13:29:21,092]: [main.py: 309] - 1 change detected
[2026-06-23 13:29:21,444]: [main.py: 309] - 1 change detected
[2026-06-23 13:29:21,796]: [main.py: 309] - 1 change detected
[2026-06-23 13:29:22,147]: [main.py: 309] - 1 change detected
[2026-06-23 13:29:22,499]: [main.py: 309] - 1 change detected
[2026-06-23 13:29:22,851]: [main.py: 309] - 1 change detected
[2026-06-23 13:29:23,203]: [main.py: 309] - 1 change detected
[2026-06-23 13:29:23,556]: [main.py: 309] - 1 change detected
[2026-06-23 13:29:23,906]: [main.py: 309] - 1 change detected
[2026-06-23 13:29:24,257]: [main.py: 309] - 1 change detected
[2026-06-23 13:29:24,607]: [main.py: 309] - 1 change detected
[2026-06-23 13:29:24,958]: [main.py: 309] - 1 change detected
[2026-06-23 13:29:25,309]: [main.py: 309] - 1 change detected
[2026-06-23 13:29:25,661]: [main.py: 309] - 1 change detected
[2026-06-23 13:29:26,011]: [main.py: 309] - 1 change detected
[2026-06-23 13:29:26,364]: [main.py: 309] - 1 change detected
[2026-06-23 13:29:26,716]: [main.py: 309] - 1 change detected
[2026-06-23 13:29:27,068]: [main.py: 309] - 1 change detected
[2026-06-23 13:29:27,420]: [main.py: 309] - 1 change detected
[2026-06-23 13:29:27,772]: [main.py: 309] - 1 change detected
[2026-06-23 13:29:28,123]: [main.py: 309] - 1 change detected
[2026-06-23 13:29:28,474]: [main.py: 309] - 1 change detected
[2026-06-23 13:29:28,824]: [main.py: 309] - 1 change detected
[2026-06-23 13:29:29,175]: [main.py: 309] - 1 change detected
[2026-06-23 13:29:29,526]: [main.py: 309] - 1 change detected
[2026-06-23 13:29:29,879]: [main.py: 309] - 1 change detected
[2026-06-23 13:29:29,930]: [server.py: 272] - Shutting down
[2026-06-23 13:29:30,031]: [on.py: 67] - Waiting for application shutdown.
[2026-06-23 13:29:30,032]: [on.py: 76] - Application shutdown complete.
[2026-06-23 13:29:30,032]: [server.py: 102] - Finished server process [12221]
[2026-06-23 13:29:30,044]: [basereload.py: 115] - Stopping reloader process [12179]
[2026-06-23 14:38:49,454]: [Model.py: 27] - saving the model to file - artifacts/trained_model.joblib
[2026-06-23 14:38:49,457]: [Model.py: 31] - serialisation successful. saved to artifacts/trained_model.joblib
[2026-06-23 14:38:50,581]: [Model.py: 27] - saving the model to file - artifacts/trained_model.joblib
[2026-06-23 14:38:50,584]: [Model.py: 31] - serialisation successful. saved to artifacts/trained_model.joblib
[2026-06-23 14:41:37,063]: [Model.py: 27] - saving the model to file - artifacts/trained_model.joblib
[2026-06-23 14:41:37,066]: [Model.py: 31] - serialisation successful. saved to artifacts/trained_model.joblib
[2026-06-23 14:41:52,740]: [Model.py: 27] - saving the model to file - artifacts/trained_model.joblib
[2026-06-23 14:41:52,742]: [Model.    input_df = pd.DataFrame([data.model_dump()])
        #model_dump() attribute converts the data into a python dictionary instead of something that could only be read by pydantic
        prediction = model.predict(input_df)
        if prediction[0] == 1:
            result = "Fake Note"
        else:
            result = "Not a Fake Note"

        return {
            "status": "success",
            "prediction": prediction[0],
            "result": result
        }py: 31] - serialisation successful. saved to artifacts/trained_model.joblib
[2026-06-23 14:42:12,586]: [Model.py: 27] - saving the model to file - artifacts/trained_model.joblib
[2026-06-23 14:42:12,589]: [Model.py: 31] - serialisation successful. saved to artifacts/trained_model.joblib
[2026-06-23 14:42:37,154]: [Model.py: 27] - saving the model to file - artifacts/trained_model.joblib
[2026-06-23 14:42:37,157]: [Model.py: 31] - serialisation successful. saved to artifacts/trained_model.joblib
[2026-06-23 14:42:38,749]: [Model.py: 27] - saving the model to file - artifacts/trained_model.joblib
[2026-06-23 14:42:38,751]: [Model.py: 31] - serialisation successful. saved to artifacts/trained_model.joblib
[2026-06-23 14:42:42,264]: [Model.py: 27] - saving the model to file - artifacts/trained_model.joblib
[2026-06-23 14:42:42,269]: [Model.py: 31] - serialisation successful. saved to artifacts/trained_model.joblib
[2026-06-23 14:42:45,925]: [Model.py: 27] - saving the model to file - artifacts/trained_model.joblib
[2026-06-23 14:42:45,931]: [Model.py: 31] - serialisation successful. saved to artifacts/trained_model.joblib
[2026-06-23 14:42:53,062]: [Model.py: 27] - saving the model to file - artifacts/trained_model.joblib
[2026-06-23 14:42:53,064]: [Model.py: 31] - serialisation successful. saved to artifacts/trained_model.joblib
[2026-06-23 14:42:55,190]: [Model.py: 27] - saving the model to file - artifacts/trained_model.joblib
[2026-06-23 14:42:55,196]: [Model.py: 31] - serialisation successful. saved to artifacts/trained_model.joblib
[2026-06-23 14:42:57,564]: [Model.py: 27] - saving the model to file - artifacts/trained_model.joblib
[2026-06-23 14:42:57,567]: [Model.py: 31] - serialisation successful. saved to artifacts/trained_model.joblib
[2026-06-23 14:43:02,930]: [Model.py: 27] - saving the model to file - artifacts/trained_model.joblib
[2026-06-23 14:43:02,933]: [Model.py: 31] - serialisation successful. saved to artifacts/trained_model.joblib
[2026-06-23 14:51:22,012]: [Model.py: 27] - saving the model to file - artifacts/trained_model.joblib
[2026-06-23 14:51:22,016]: [Model.py: 31] - serialisation successful. saved to artifacts/trained_model.joblib
[2026-06-23 14:57:13,628]: [Model.py: 27] - saving the model to file - artifacts/trained_model.joblib
[2026-06-23 14:57:13,633]: [Model.py: 31] - serialisation successful. saved to artifacts/trained_model.joblib
[2026-06-23 14:57:22,496]: [Model.py: 27] - saving the model to file - artifacts/trained_model.joblib
[2026-06-23 14:57:22,499]: [Model.py: 31] - serialisation successful. saved to artifacts/trained_model.joblib
[2026-06-23 14:57:32,536]: [Model.py: 27] - saving the model to file - artifacts/trained_model.joblib
[2026-06-23 14:57:32,539]: [Model.py: 31] - serialisation successful. saved to artifacts/trained_model.joblib
[2026-06-23 14:57:35,020]: [Model.py: 27] - saving the model to file - artifacts/trained_model.joblib
[2026-06-23 14:57:35,024]: [Model.py: 31] - serialisation successful. saved to artifacts/trained_model.joblib
[2026-06-23 14:57:36,687]: [Model.py: 27] - saving the model to file - artifacts/trained_model.joblib
[2026-06-23 14:57:36,690]: [Model.py: 31] - serialisation successful. saved to artifacts/trained_model.joblib
[2026-06-23 14:57:46,609]: [Model.py: 27] - saving the model to file - artifacts/trained_model.joblib
[2026-06-23 14:57:46,612]: [Model.py: 31] - serialisation successful. saved to artifacts/trained_model.joblib
[2026-06-23 14:57:50,334]: [Model.py: 27] - saving the model to file - artifacts/trained_model.joblib
[2026-06-23 14:57:50,337]: [Model.py: 31] - serialisation successful. saved to artifacts/trained_model.joblib
[2026-06-23 14:57:51,935]: [Model.py: 27] - saving the model to file - artifacts/trained_model.joblib
[2026-06-23 14:57:51,937]: [Model.py: 31] - serialisation successful. saved to artifacts/trained_model.joblib
[2026-06-23 14:57:55,717]: [Model.py: 27] - saving the model to file - artifacts/trained_model.joblib
[2026-06-23 14:57:55,720]: [Model.py: 31] - serialisation successful. saved to artifacts/trained_model.joblib
[2026-06-23 14:58:01,940]: [Model.py: 27] - saving the model to file - artifacts/trained_model.joblib
[2026-06-23 14:58:01,943]: [Model.py: 31] - serialisation successful. saved to artifacts/trained_model.joblib
[2026-06-23 14:58:07,714]: [Model.py: 27] - saving the model to file - artifacts/trained_model.joblib
[2026-06-23 14:58:07,716]: [Model.py: 31] - serialisation successful. saved to artifacts/trained_model.joblib
[2026-06-23 15:09:56,055]: [Model.py: 27] - saving the model to file - artifacts/trained_model.joblib
[2026-06-23 15:09:56,058]: [Model.py: 31] - serialisation successful. saved to artifacts/trained_model.joblib
[2026-06-23 15:10:01,268]: [Model.py: 27] - saving the model to file - artifacts/trained_model.joblib
[2026-06-23 15:10:01,271]: [Model.py: 31] - serialisation successful. saved to artifacts/trained_model.joblib
[2026-06-23 15:10:04,364]: [Model.py: 27] - saving the model to file - artifacts/trained_model.joblib
[2026-06-23 15:10:04,367]: [Model.py: 31] - serialisation successful. saved to artifacts/trained_model.joblib
[2026-06-23 15:10:08,651]: [Model.py: 27] - saving the model to file - artifacts/trained_model.joblib
[2026-06-23 15:10:08,654]: [Model.py: 31] - serialisation successful. saved to artifacts/trained_model.joblib
[2026-06-23 15:10:12,831]: [Model.py: 27] - saving the model to file - artifacts/trained_model.joblib
[2026-06-23 15:10:12,834]: [Model.py: 31] - serialisation successful. saved to artifacts/trained_model.joblib
[2026-06-23 15:10:16,445]: [Model.py: 27] - saving the model to file - artifacts/trained_model.joblib
[2026-06-23 15:10:16,449]: [Model.py: 31] - serialisation successful. saved to artifacts/trained_model.joblib
[2026-06-23 15:10:29,767]: [Model.py: 27] - saving the model to file - artifacts/trained_model.joblib
[2026-06-23 15:10:29,770]: [Model.py: 31] - serialisation successful. saved to artifacts/trained_model.joblib
[2026-06-23 15:10:32,741]: [Model.py: 27] - saving the model to file - artifacts/trained_model.joblib
[2026-06-23 15:10:32,744]: [Model.py: 31] - serialisation successful. saved to artifacts/trained_model.joblib
[2026-06-23 15:14:36,272]: [Model.py: 27] - saving the model to file - artifacts/trained_model.joblib
[2026-06-23 15:14:36,275]: [Model.py: 31] - serialisation successful. saved to artifacts/trained_model.joblib
[2026-06-23 15:14:40,348]: [Model.py: 27] - saving the model to file - artifacts/trained_model.joblib
[2026-06-23 15:14:40,351]: [Model.py: 31] - serialisation successful. saved to artifacts/trained_model.joblib
[2026-06-23 15:14:50,461]: [Model.py: 27] - saving the model to file - artifacts/trained_model.joblib
[2026-06-23 15:14:50,468]: [Model.py: 31] - serialisation successful. saved to artifacts/trained_model.joblib
[2026-06-23 15:14:53,560]: [Model.py: 27] - saving the model to file - artifacts/trained_model.joblib
[2026-06-23 15:14:53,562]: [Model.py: 31] - serialisation successful. saved to artifacts/trained_model.joblib
[2026-06-23 15:14:57,095]: [Model.py: 27] - saving the model to file - artifacts/trained_model.joblib
[2026-06-23 15:14:57,098]: [Model.py: 31] - serialisation successful. saved to artifacts/trained_model.joblib
[2026-06-23 15:15:00,300]: [Model.py: 27] - saving the model to file - artifacts/trained_model.joblib
[2026-06-23 15:15:00,303]: [Model.py: 31] - serialisation successful. saved to artifacts/trained_model.joblib
[2026-06-23 15:15:02,135]: [Model.py: 27] - saving the model to file - artifacts/trained_model.joblib
[2026-06-23 15:15:02,137]: [Model.py: 31] - serialisation successful. saved to artifacts/trained_model.joblib
[2026-06-23 15:15:07,220]: [Model.py: 27] - saving the model to file - artifacts/trained_model.joblib
[2026-06-23 15:15:07,223]: [Model.py: 31] - serialisation successful. saved to artifacts/trained_model.joblib
[2026-06-23 15:15:09,601]: [Model.py: 27] - saving the model to file - artifacts/trained_model.joblib
[2026-06-23 15:15:09,604]: [Model.py: 31] - serialisation successful. saved to artifacts/trained_model.joblib
[2026-06-23 15:15:17,641]: [Model.py: 27] - saving the model to file - artifacts/trained_model.joblib
[2026-06-23 15:15:17,644]: [Model.py: 31] - serialisation successful. saved to artifacts/trained_model.joblib
[2026-06-23 15:15:37,083]: [Model.py: 27] - saving the model to file - artifacts/trained_model.joblib
[2026-06-23 15:15:37,086]: [Model.py: 31] - serialisation successful. saved to artifacts/trained_model.joblib
[2026-06-23 15:15:38,566]: [Model.py: 27] - saving the model to file - artifacts/trained_model.joblib
[2026-06-23 15:15:38,569]: [Model.py: 31] - serialisation successful. saved to artifacts/trained_model.joblib
[2026-06-23 15:15:40,538]: [Model.py: 27] - saving the model to file - artifacts/trained_model.joblib
[2026-06-23 15:15:40,541]: [Model.py: 31] - serialisation successful. saved to artifacts/trained_model.joblib
[2026-06-23 15:15:43,707]: [Model.py: 27] - saving the model to file - artifacts/trained_model.joblib
[2026-06-23 15:15:43,710]: [Model.py: 31] - serialisation successful. saved to artifacts/trained_model.joblib
[2026-06-23 15:15:45,947]: [Model.py: 27] - saving the model to file - artifacts/trained_model.joblib
[2026-06-23 15:15:45,950]: [Model.py: 31] - serialisation successful. saved to artifacts/trained_model.joblib
[2026-06-23 15:15:51,930]: [Model.py: 27] - saving the model to file - artifacts/trained_model.joblib
[2026-06-23 15:15:51,933]: [Model.py: 31] - serialisation successful. saved to artifacts/trained_model.joblib
[2026-06-23 15:15:54,430]: [Model.py: 27] - saving the model to file - artifacts/trained_model.joblib
[2026-06-23 15:15:54,435]: [Model.py: 31] - serialisation successful. saved to artifacts/trained_model.joblib
[2026-06-23 15:15:57,124]: [Model.py: 27] - saving the model to file - artifacts/trained_model.joblib
[2026-06-23 15:15:57,128]: [Model.py: 31] - serialisation successful. saved to artifacts/trained_model.joblib
[2026-06-23 15:15:58,218]: [Model.py: 27] - saving the model to file - artifacts/trained_model.joblib
[2026-06-23 15:15:58,221]: [Model.py: 31] - serialisation successful. saved to artifacts/trained_model.joblib
[2026-06-23 15:16:14,093]: [Model.py: 27] - saving the model to file - artifacts/trained_model.joblib
[2026-06-23 15:16:14,097]: [Model.py: 31] - serialisation successful. saved to artifacts/trained_model.joblib
[2026-06-23 15:17:19,793]: [Model.py: 27] - saving the model to file - artifacts/trained_model.joblib
[2026-06-23 15:17:19,796]: [Model.py: 31] - serialisation successful. saved to artifacts/trained_model.joblib
[2026-06-23 15:17:21,110]: [Model.py: 27] - saving the model to file - artifacts/trained_model.joblib
[2026-06-23 15:17:21,113]: [Model.py: 31] - serialisation successful. saved to artifacts/trained_model.joblib
[2026-06-23 15:17:24,691]: [Model.py: 27] - saving the model to file - artifacts/trained_model.joblib
[2026-06-23 15:17:24,693]: [Model.py: 31] - serialisation successful. saved to artifacts/trained_model.joblib
[2026-06-23 15:18:30,073]: [Model.py: 27] - saving the model to file - artifacts/trained_model.joblib
[2026-06-23 15:18:30,077]: [Model.py: 31] - serialisation successful. saved to artifacts/trained_model.joblib
[2026-06-23 15:18:36,053]: [Model.py: 27] - saving the model to file - artifacts/trained_model.joblib
[2026-06-23 15:18:36,056]: [Model.py: 31] - serialisation successful. saved to artifacts/trained_model.joblib
[2026-06-23 15:18:37,685]: [Model.py: 27] - saving the model to file - artifacts/trained_model.joblib
[2026-06-23 15:18:37,687]: [Model.py: 31] - serialisation successful. saved to artifacts/trained_model.joblib
[2026-06-23 15:19:21,775]: [Model.py: 27] - saving the model to file - artifacts/trained_model.joblib
[2026-06-23 15:19:21,778]: [Model.py: 31] - serialisation successful. saved to artifacts/trained_model.joblib
[2026-06-23 15:24:31,127]: [Model.py: 27] - saving the model to file - artifacts/trained_model.joblib
[2026-06-23 15:24:31,131]: [Model.py: 31] - serialisation successful. saved to artifacts/trained_model.joblib
[2026-06-23 15:24:34,413]: [Model.py: 27] - saving the model to file - artifacts/trained_model.joblib
[2026-06-23 15:24:34,415]: [Model.py: 31] - serialisation successful. saved to artifacts/trained_model.joblib
[2026-06-23 15:24:36,538]: [Model.py: 27] - saving the model to file - artifacts/trained_model.joblib
[2026-06-23 15:24:36,540]: [Model.py: 31] - serialisation successful. saved to artifacts/trained_model.joblib
[2026-06-23 15:28:19,753]: [Model.py: 27] - saving the model to file - artifacts/trained_model.joblib
[2026-06-23 15:28:19,757]: [Model.py: 31] - serialisation successful. saved to artifacts/trained_model.joblib
[2026-06-23 15:28:20,906]: [Model.py: 27] - saving the model to file - artifacts/trained_model.joblib
[2026-06-23 15:28:20,908]: [Model.py: 31] - serialisation successful. saved to artifacts/trained_model.joblib
[2026-06-23 15:28:26,954]: [Model.py: 27] - saving the model to file - artifacts/trained_model.joblib
[2026-06-23 15:28:26,958]: [Model.py: 31] - serialisation successful. saved to artifacts/trained_model.joblib
[2026-06-23 15:28:33,198]: [Model.py: 27] - saving the model to file - artifacts/trained_model.joblib
[2026-06-23 15:28:33,202]: [Model.py: 31] - serialisation successful. saved to artifacts/trained_model.joblib
[2026-06-23 15:28:40,388]: [Model.py: 27] - saving the model to file - artifacts/trained_model.joblib
[2026-06-23 15:28:40,392]: [Model.py: 31] - serialisation successful. saved to artifacts/trained_model.joblib
[2026-06-23 15:28:42,555]: [Model.py: 27] - saving the model to file - artifacts/trained_model.joblib
[2026-06-23 15:28:42,558]: [Model.py: 31] - serialisation successful. saved to artifacts/trained_model.joblib
[2026-06-23 15:28:52,777]: [Model.py: 27] - saving the model to file - artifacts/trained_model.joblib
[2026-06-23 15:28:52,780]: [Model.py: 31] - serialisation successful. saved to artifacts/trained_model.joblib
[2026-06-23 15:28:54,031]: [Model.py: 27] - saving the model to file - artifacts/trained_model.joblib
[2026-06-23 15:28:54,033]: [Model.py: 31] - serialisation successful. saved to artifacts/trained_model.joblib
[2026-06-23 15:28:59,753]: [Model.py: 27] - saving the model to file - artifacts/trained_model.joblib
[2026-06-23 15:28:59,758]: [Model.py: 31] - serialisation successful. saved to artifacts/trained_model.joblib
[2026-06-23 15:29:05,405]: [Model.py: 27] - saving the model to file - artifacts/trained_model.joblib
[2026-06-23 15:29:05,408]: [Model.py: 31] - serialisation successful. saved to artifacts/trained_model.joblib
[2026-06-23 15:29:06,818]: [Model.py: 27] - saving the model to file - artifacts/trained_model.joblib
[2026-06-23 15:29:06,822]: [Model.py: 31] - serialisation successful. saved to artifacts/trained_model.joblib
[2026-06-23 15:29:12,644]: [Model.py: 27] - saving the model to file - artifacts/trained_model.joblib
[2026-06-23 15:29:12,647]: [Model.py: 31] - serialisation successful. saved to artifacts/trained_model.joblib
[2026-06-23 15:29:14,257]: [Model.py: 27] - saving the model to file - artifacts/trained_model.joblib
[2026-06-23 15:29:14,260]: [Model.py: 31] - serialisation successful. saved to artifacts/trained_model.joblib
[2026-06-23 15:29:20,062]: [Model.py: 27] - saving the model to file - artifacts/trained_model.joblib
[2026-06-23 15:29:20,065]: [Model.py: 31] - serialisation successful. saved to artifacts/trained_model.joblib
[2026-06-23 15:29:21,335]: [Model.py: 27] - saving the model to file - artifacts/trained_model.joblib
[2026-06-23 15:29:21,338]: [Model.py: 31] - serialisation successful. saved to artifacts/trained_model.joblib
[2026-06-23 15:29:23,589]: [Model.py: 27] - saving the model to file - artifacts/trained_model.joblib
[2026-06-23 15:29:23,591]: [Model.py: 31] - serialisation successful. saved to artifacts/trained_model.joblib
[2026-06-23 15:29:24,783]: [Model.py: 27] - saving the model to file - artifacts/trained_model.joblib
[2026-06-23 15:29:24,785]: [Model.py: 31] - serialisation successful. saved to artifacts/trained_model.joblib
[2026-06-23 15:29:33,138]: [Model.py: 27] - saving the model to file - artifacts/trained_model.joblib
[2026-06-23 15:29:33,142]: [Model.py: 31] - serialisation successful. saved to artifacts/trained_model.joblib
[2026-06-23 15:29:40,508]: [Model.py: 27] - saving the model to file - artifacts/trained_model.joblib
[2026-06-23 15:29:40,512]: [Model.py: 31] - serialisation successful. saved to artifacts/trained_model.joblib
[2026-06-23 15:29:44,965]: [main.py: 21] - tools page is active..!
[2026-06-23 15:29:46,250]: [main.py: 21] - tools page is active..!
[2026-06-23 15:29:50,250]: [main.py: 21] - tools page is active..!
[2026-06-23 15:31:48,749]: [main.py: 16] - Home page is active...!
[2026-06-23 15:31:51,655]: [main.py: 16] - Home page is active...!
[2026-06-23 15:32:11,534]: [main.py: 34] - serve responded successfully
[2026-06-23 15:32:41,333]: [main.py: 21] - tools page is active..!
[2026-06-23 15:32:42,976]: [main.py: 16] - Home page is active...!
[2026-06-23 15:33:06,609]: [main.py: 21] - tools page is active..!
[2026-06-23 15:33:37,858]: [main.py: 21] - tools page is active..!
[2026-06-23 15:33:39,790]: [main.py: 16] - Home page is active...!
[2026-06-23 15:33:42,167]: [main.py: 21] - tools page is active..!
[2026-06-23 15:34:14,721]: [main.py: 16] - Home page is active...!
[2026-06-23 15:34:19,346]: [main.py: 16] - Home page is active...!
[2026-06-23 15:34:48,584]: [main.py: 16] - Home page is active...!
[2026-06-23 15:35:04,945]: [main.py: 16] - Home page is active...!
[2026-06-23 15:35:08,183]: [main.py: 21] - tools page is active..!
[2026-06-23 15:36:38,642]: [main.py: 34] - serve responded successfully
[2026-06-23 15:36:45,591]: [main.py: 16] - Home page is active...!
[2026-06-23 15:37:00,465]: [main.py: 21] - tools page is active..!
[2026-06-23 15:40:59,681]: [Model.py: 27] - saving the model to file - artifacts/trained_model.joblib
[2026-06-23 15:40:59,684]: [Model.py: 31] - serialisation successful. saved to artifacts/trained_model.joblib
[2026-06-23 15:41:03,849]: [main.py: 21] - tools page is active..!
[2026-06-23 15:41:07,101]: [main.py: 16] - Home page is active...!
[2026-06-23 21:48:16,051]: [Model.py: 27] - saving the model to file - artifacts/trained_model.joblib
[2026-06-23 21:48:16,053]: [Model.py: 31] - serialisation successful. saved to artifacts/trained_model.joblib
[2026-06-23 21:48:17,023]: [Model.py: 27] - saving the model to file - artifacts/trained_model.joblib
[2026-06-23 21:48:17,025]: [Model.py: 31] - serialisation successful. saved to artifacts/trained_model.joblib
[2026-06-23 21:48:23,034]: [main.py: 16] - Home page is active...!
[2026-06-23 21:49:04,637]: [main.py: 21] - tools page is active..!
[2026-06-23 21:49:38,732]: [main.py: 34] - server responded successfully
[2026-06-23 22:21:19,094]: [Model.py: 27] - saving the model to file - artifacts/trained_model.joblib
[2026-06-23 22:21:19,096]: [Model.py: 31] - serialisation successful. saved to artifacts/trained_model.joblib
[2026-06-23 22:21:23,091]: [main.py: 16] - Home page is active...!
[2026-06-23 22:22:16,144]: [main.py: 34] - server responded successfully
[2026-06-23 22:23:44,937]: [main.py: 34] - server responded successfully
[2026-06-23 22:23:47,037]: [main.py: 34] - server responded successfully
[2026-06-23 22:23:47,598]: [main.py: 34] - server responded successfully
[2026-06-23 22:23:47,825]: [main.py: 34] - server responded successfully
[2026-06-23 22:24:30,230]: [main.py: 34] - server responded successfully
[2026-06-23 22:24:32,001]: [main.py: 34] - server responded successfully
[2026-06-23 22:24:32,196]: [main.py: 34] - server responded successfully
[2026-06-23 22:24:32,383]: [main.py: 34] - server responded successfully
[2026-06-23 22:24:32,586]: [main.py: 34] - server responded successfully
[2026-06-23 22:24:32,780]: [main.py: 34] - server responded successfully
[2026-06-23 22:24:32,961]: [main.py: 34] - server responded successfully
[2026-06-23 22:24:33,126]: [main.py: 34] - server responded successfully
[2026-06-23 22:24:33,313]: [main.py: 34] - server responded successfully
[2026-06-23 22:25:46,448]: [main.py: 34] - server responded successfully
[2026-06-23 22:25:47,640]: [main.py: 34] - server responded successfully
[2026-06-23 22:25:47,849]: [main.py: 34] - server responded successfully
[2026-06-23 22:26:26,138]: [main.py: 34] - server responded successfully
[2026-06-23 22:26:26,589]: [main.py: 34] - server responded successfully
[2026-06-23 22:26:26,783]: [main.py: 34] - server responded successfully
[2026-06-23 22:26:26,978]: [main.py: 34] - server responded successfully
[2026-06-23 22:26:27,585]: [main.py: 21] - tools page is active..!
[2026-06-23 22:26:48,377]: [main.py: 34] - server responded successfully
[2026-06-23 22:26:49,628]: [main.py: 34] - server responded successfully
[2026-06-23 22:26:49,833]: [main.py: 34] - server responded successfully
[2026-06-23 22:26:50,019]: [main.py: 34] - server responded successfully
[2026-06-23 22:26:50,199]: [main.py: 34] - server responded successfully
[2026-06-23 22:26:50,567]: [main.py: 34] - server responded successfully
[2026-06-23 22:26:50,739]: [main.py: 34] - server responded successfully
[2026-06-23 22:26:50,919]: [main.py: 34] - server responded successfully
[2026-06-23 22:28:22,841]: [main.py: 34] - server responded successfully
[2026-06-23 22:28:23,396]: [main.py: 34] - server responded successfully
[2026-06-23 22:28:23,614]: [main.py: 34] - server responded successfully
[2026-06-23 22:28:23,816]: [main.py: 34] - server responded successfully
[2026-06-23 22:28:23,996]: [main.py: 34] - server responded successfully
[2026-06-23 22:28:24,191]: [main.py: 34] - server responded successfully
[2026-06-23 23:43:43,486]: template.py - creating directory research for the trail.ipynb.
[2026-06-23 23:43:43,487]: template.py - research/trail.ipynb already exists.
[2026-06-23 23:43:43,487]: template.py - creating directory src for the __init__.py.
[2026-06-23 23:43:43,487]: template.py - creating src/__init__.py successful.
[2026-06-23 23:43:43,487]: template.py - creating directory src/ml_project for the logger.py.
[2026-06-23 23:43:43,487]: template.py - src/ml_project/logger.py already exists.
[2026-06-23 23:43:43,487]: template.py - creating directory src/ml_project for the __init__.py.
[2026-06-23 23:43:43,487]: template.py - creating src/ml_project/__init__.py successful.
[2026-06-23 23:43:43,487]: template.py - requirements.txt already exists.
[2026-06-23 23:43:43,487]: template.py - setup.py already exists.
[2026-06-23 23:43:43,487]: template.py - creating directory research for the Model.py.
[2026-06-23 23:43:43,487]: template.py - research/Model.py already exists.
[2026-06-23 23:43:43,487]: template.py - creating directory research for the __init__.py.
[2026-06-23 23:43:43,487]: template.py - creating research/__init__.py successful.
[2026-06-23 23:43:43,487]: template.py - schemas.py already exists.
[2026-06-23 23:43:43,487]: template.py - creating directory templates for the index.html.
[2026-06-23 23:43:43,487]: template.py - templates/index.html already exists.
[2026-06-23 23:43:43,487]: template.py - creating directory templates for the 'Predict.html.
[2026-06-23 23:43:43,487]: template.py - creating templates/'Predict.html successful.
[2026-06-23 23:43:43,487]: template.py - creating vercel.json successful.
[2026-06-23 23:51:10,034]: [Model.py: 27] - saving the model to file - artifacts/trained_model.joblib
[2026-06-23 23:51:10,038]: [Model.py: 31] - serialisation successful. saved to artifacts/trained_model.joblib
[2026-06-23 23:51:18,313]: [main.py: 21] - tools page is active..!
[2026-06-23 23:51:19,555]: [main.py: 16] - Home page is active...!
[2026-06-24 12:06:13,907]: template.py - creating directory research for the trail.ipynb.
[2026-06-24 12:06:13,916]: template.py - research/trail.ipynb already exists.
[2026-06-24 12:06:13,916]: template.py - creating directory src for the __init__.py.
[2026-06-24 12:06:13,916]: template.py - creating src/__init__.py successful.
[2026-06-24 12:06:13,916]: template.py - creating directory src/ml_project for the logger.py.
[2026-06-24 12:06:13,916]: template.py - src/ml_project/logger.py already exists.
[2026-06-24 12:06:13,916]: template.py - creating directory src/ml_project for the __init__.py.
[2026-06-24 12:06:13,916]: template.py - creating src/ml_project/__init__.py successful.
[2026-06-24 12:06:13,916]: template.py - creating requirements.txt successful.
[2026-06-24 12:06:13,916]: template.py - setup.py already exists.
[2026-06-24 12:06:13,916]: template.py - creating directory research for the Model.py.
[2026-06-24 12:06:13,916]: template.py - research/Model.py already exists.
[2026-06-24 12:06:13,916]: template.py - creating directory research for the __init__.py.
[2026-06-24 12:06:13,917]: template.py - creating research/__init__.py successful.
[2026-06-24 12:06:13,917]: template.py - schemas.py already exists.
[2026-06-24 12:06:13,917]: template.py - creating directory templates for the index.html.
[2026-06-24 12:06:13,917]: template.py - templates/index.html already exists.
[2026-06-24 12:06:13,917]: template.py - creating directory templates for the 'Predict.html.
[2026-06-24 12:06:13,917]: template.py - creating templates/'Predict.html successful.
[2026-06-24 12:06:13,917]: template.py - vercel.json already exists.
[2026-06-24 12:06:13,917]: template.py - creating Dockerfile successful.
[2026-06-24 12:07:19,292]: template.py - creating directory research for the trail.ipynb.
[2026-06-24 12:07:19,292]: template.py - research/trail.ipynb already exists.
[2026-06-24 12:07:19,293]: template.py - creating directory src for the __init__.py.
[2026-06-24 12:07:19,293]: template.py - creating src/__init__.py successful.
[2026-06-24 12:07:19,293]: template.py - creating directory src/ml_project for the logger.py.
[2026-06-24 12:07:19,293]: template.py - src/ml_project/logger.py already exists.
[2026-06-24 12:07:19,293]: template.py - creating directory src/ml_project for the __init__.py.
[2026-06-24 12:07:19,293]: template.py - creating src/ml_project/__init__.py successful.
[2026-06-24 12:07:19,293]: template.py - creating requirements.txt successful.
[2026-06-24 12:07:19,293]: template.py - setup.py already exists.
[2026-06-24 12:07:19,293]: template.py - creating directory research for the Model.py.
[2026-06-24 12:07:19,293]: template.py - research/Model.py already exists.
[2026-06-24 12:07:19,293]: template.py - creating directory research for the __init__.py.
[2026-06-24 12:07:19,293]: template.py - creating research/__init__.py successful.
[2026-06-24 12:07:19,293]: template.py - schemas.py already exists.
[2026-06-24 12:07:19,293]: template.py - creating directory templates for the index.html.
[2026-06-24 12:07:19,293]: template.py - templates/index.html already exists.
[2026-06-24 12:07:19,293]: template.py - creating directory templates for the 'Predict.html.
[2026-06-24 12:07:19,293]: template.py - creating templates/'Predict.html successful.
[2026-06-24 12:07:19,293]: template.py - vercel.json already exists.
[2026-06-24 12:07:19,293]: template.py - creating Dockerfile successful.
[2026-06-24 12:48:28,188]: [main.py: 16] - Home page is active...!
[2026-06-24 12:48:36,122]: [main.py: 21] - tools page is active..!
[2026-06-24 22:45:38,306]: template.py - creating directory research for the trail.ipynb.
[2026-06-24 22:45:38,315]: template.py - research/trail.ipynb already exists.
[2026-06-24 22:45:38,315]: template.py - creating directory src for the __init__.py.
[2026-06-24 22:45:38,315]: template.py - creating src/__init__.py successful.
[2026-06-24 22:45:38,315]: template.py - creating directory src/ml_project for the logger.py.
[2026-06-24 22:45:38,315]: template.py - src/ml_project/logger.py already exists.
[2026-06-24 22:45:38,315]: template.py - creating directory src/ml_project for the __init__.py.
[2026-06-24 22:45:38,315]: template.py - creating src/ml_project/__init__.py successful.
[2026-06-24 22:45:38,316]: template.py - requirements.txt already exists.
[2026-06-24 22:45:38,316]: template.py - setup.py already exists.
[2026-06-24 22:45:38,316]: template.py - creating directory research for the Model.py.
[2026-06-24 22:45:38,316]: template.py - research/Model.py already exists.
[2026-06-24 22:45:38,316]: template.py - creating directory research for the __init__.py.
[2026-06-24 22:45:38,316]: template.py - creating research/__init__.py successful.
[2026-06-24 22:45:38,316]: template.py - schemas.py already exists.
[2026-06-24 22:45:38,316]: template.py - creating directory templates for the index.html.
[2026-06-24 22:45:38,316]: template.py - templates/index.html already exists.
[2026-06-24 22:45:38,316]: template.py - creating directory templates for the 'Predict.html.
[2026-06-24 22:45:38,316]: template.py - creating templates/'Predict.html successful.
[2026-06-24 22:45:38,316]: template.py - vercel.json already exists.
[2026-06-24 22:45:38,316]: template.py - Dockerfile already exists.
[2026-06-24 22:45:38,316]: template.py - creating .dockerignore successful.
